This file contains any messages produced by compilers while
running configure, to aid debugging if configure makes a mistake.

It was created by Haskell time package configure 1.12.2, which was
generated by GNU Autoconf 2.69.  Invocation command line was

  $ //home/mark/IdeaProjects/Functional-Programming-2022-main/Lab2/time-1.12.2/configure --with-compiler=ghc --bindir=/home/mark/IdeaProjects/Functional-Programming-2022-main/Lab2/.stack-work/install/x86_64-linux-tinfo6-libc6-pre232/51e215cc757d791a6c27c55b9c502776327e202f8f18a8cd7ce33390802cbb40/9.2.8/bin --libdir=/home/mark/IdeaProjects/Functional-Programming-2022-main/Lab2/.stack-work/install/x86_64-linux-tinfo6-libc6-pre232/51e215cc757d791a6c27c55b9c502776327e202f8f18a8cd7ce33390802cbb40/9.2.8/lib --libexecdir=/home/mark/IdeaProjects/Functional-Programming-2022-main/Lab2/.stack-work/install/x86_64-linux-tinfo6-libc6-pre232/51e215cc757d791a6c27c55b9c502776327e202f8f18a8cd7ce33390802cbb40/9.2.8/libexec --datadir=/home/mark/IdeaProjects/Functional-Programming-2022-main/Lab2/.stack-work/install/x86_64-linux-tinfo6-libc6-pre232/51e215cc757d791a6c27c55b9c502776327e202f8f18a8cd7ce33390802cbb40/9.2.8/share --sysconfdir=/home/mark/IdeaProjects/Functional-Programming-2022-main/Lab2/.stack-work/install/x86_64-linux-tinfo6-libc6-pre232/51e215cc757d791a6c27c55b9c502776327e202f8f18a8cd7ce33390802cbb40/9.2.8/etc CC=/usr/bin/gcc

## --------- ##
## Platform. ##
## --------- ##

hostname = mark-HP-250-G5-Notebook-PC
uname -m = x86_64
uname -r = 5.15.0-86-generic
uname -s = Linux
uname -v = #96~20.04.1-Ubuntu SMP Thu Sep 21 13:23:37 UTC 2023

/usr/bin/uname -p = x86_64
/bin/uname -X     = unknown

/bin/arch              = x86_64
/usr/bin/arch -k       = unknown
/usr/convex/getsysinfo = unknown
/usr/bin/hostinfo      = unknown
/bin/machine           = unknown
/usr/bin/oslevel       = unknown
/bin/universe          = unknown

PATH: /home/mark/IdeaProjects/Functional-Programming-2022-main/Lab2/.stack-work/install/x86_64-linux-tinfo6-libc6-pre232/51e215cc757d791a6c27c55b9c502776327e202f8f18a8cd7ce33390802cbb40/9.2.8/bin
PATH: /home/mark/.stack/snapshots/x86_64-linux-tinfo6-libc6-pre232/51e215cc757d791a6c27c55b9c502776327e202f8f18a8cd7ce33390802cbb40/9.2.8/bin
PATH: /home/mark/.stack/compiler-tools/x86_64-linux-tinfo6-libc6-pre232/ghc-9.2.8/bin
PATH: /home/mark/.stack/programs/x86_64-linux/ghc-tinfo6-libc6-pre232-9.2.8/bin
PATH: /home/mark/.local/bin
PATH: /usr/local/sbin
PATH: /usr/local/bin
PATH: /usr/sbin
PATH: /usr/bin
PATH: /sbin
PATH: /bin
PATH: /usr/games
PATH: /usr/local/games
PATH: /snap/bin
PATH: /home/mark/.local/share/JetBrains/Toolbox/scripts


## ----------- ##
## Core tests. ##
## ----------- ##

configure:2273: checking for gcc
configure:2300: result: /usr/bin/gcc
configure:2529: checking for C compiler version
configure:2538: /usr/bin/gcc --version >&5
gcc (Ubuntu 9.4.0-1ubuntu1~20.04.2) 9.4.0
Copyright (C) 2019 Free Software Foundation, Inc.
This is free software; see the source for copying conditions.  There is NO
warranty; not even for MERCHANTABILITY or FITNESS FOR A PARTICULAR PURPOSE.

configure:2549: $? = 0
configure:2538: /usr/bin/gcc -v >&5
Using built-in specs.
COLLECT_GCC=/usr/bin/gcc
COLLECT_LTO_WRAPPER=/usr/lib/gcc/x86_64-linux-gnu/9/lto-wrapper
OFFLOAD_TARGET_NAMES=nvptx-none:hsa
OFFLOAD_TARGET_DEFAULT=1
Target: x86_64-linux-gnu
Configured with: ../src/configure -v --with-pkgversion='Ubuntu 9.4.0-1ubuntu1~20.04.2' --with-bugurl=file:///usr/share/doc/gcc-9/README.Bugs --enable-languages=c,ada,c++,go,brig,d,fortran,objc,obj-c++,gm2 --prefix=/usr --with-gcc-major-version-only --program-suffix=-9 --program-prefix=x86_64-linux-gnu- --enable-shared --enable-linker-build-id --libexecdir=/usr/lib --without-included-gettext --enable-threads=posix --libdir=/usr/lib --enable-nls --enable-clocale=gnu --enable-libstdcxx-debug --enable-libstdcxx-time=yes --with-default-libstdcxx-abi=new --enable-gnu-unique-object --disable-vtable-verify --enable-plugin --enable-default-pie --with-system-zlib --with-target-system-zlib=auto --enable-objc-gc=auto --enable-multiarch --disable-werror --with-arch-32=i686 --with-abi=m64 --with-multilib-list=m32,m64,mx32 --enable-multilib --with-tune=generic --enable-offload-targets=nvptx-none=/build/gcc-9-9QDOt0/gcc-9-9.4.0/debian/tmp-nvptx/usr,hsa --without-cuda-driver --enable-checking=release --build=x86_64-linux-gnu --host=x86_64-linux-gnu --target=x86_64-linux-gnu
Thread model: posix
gcc version 9.4.0 (Ubuntu 9.4.0-1ubuntu1~20.04.2) 
configure:2549: $? = 0
configure:2538: /usr/bin/gcc -V >&5
gcc: error: unrecognized command line option '-V'
gcc: fatal error: no input files
compilation terminated.
configure:2549: $? = 1
configure:2538: /usr/bin/gcc -qversion >&5
gcc: error: unrecognized command line option '-qversion'; did you mean '--version'?
gcc: fatal error: no input files
compilation terminated.
configure:2549: $? = 1
configure:2569: checking whether the C compiler works
configure:2591: /usr/bin/gcc -fuse-ld=gold   conftest.c  >&5
configure:2595: $? = 0
configure:2643: result: yes
configure:2646: checking for C compiler default output file name
configure:2648: result: a.out
configure:2654: checking for suffix of executables
configure:2661: /usr/bin/gcc -o conftest -fuse-ld=gold   conftest.c  >&5
configure:2665: $? = 0
configure:2687: result: 
configure:2709: checking whether we are cross compiling
configure:2717: /usr/bin/gcc -o conftest -fuse-ld=gold   conftest.c  >&5
configure:2721: $? = 0
configure:2728: ./conftest
configure:2732: $? = 0
configure:2720: result: no
configure:2725: checking for suffix of object files
configure:2747: /usr/bin/gcc -c -fuse-ld=gold  conftest.c >&5
configure:2751: $? = 0
configure:2772: result: o
configure:2776: checking whether we are using the GNU C compiler
configure:2795: /usr/bin/gcc -c -fuse-ld=gold  conftest.c >&5
configure:2795: $? = 0
configure:2804: result: yes
configure:2813: checking whether /usr/bin/gcc accepts -g
configure:2833: /usr/bin/gcc -c -g  conftest.c >&5
configure:2833: $? = 0
configure:2874: result: yes
configure:2891: checking for /usr/bin/gcc option to accept ISO C89
configure:2954: /usr/bin/gcc  -c -fuse-ld=gold  conftest.c >&5
configure:2954: $? = 0
configure:2967: result: none needed
configure:2994: checking how to run the C preprocessor
configure:3025: /usr/bin/gcc -E  conftest.c
configure:3025: $? = 0
configure:3039: /usr/bin/gcc -E  conftest.c
conftest.c:9:10: fatal error: ac_nonexistent.h: No such file or directory
    9 | #include <ac_nonexistent.h>
      |          ^~~~~~~~~~~~~~~~~~
compilation terminated.
configure:3039: $? = 1
configure: failed program was:
| /* confdefs.h */
| #define PACKAGE_NAME "Haskell time package"
| #define PACKAGE_TARNAME "time"
| #define PACKAGE_VERSION "1.12.2"
| #define PACKAGE_STRING "Haskell time package 1.12.2"
| #define PACKAGE_BUGREPORT "ashley@semantic.org"
| #define PACKAGE_URL ""
| /* end confdefs.h.  */
| #include <ac_nonexistent.h>
configure:3064: result: /usr/bin/gcc -E
configure:3084: /usr/bin/gcc -E  conftest.c
configure:3084: $? = 0
configure:3098: /usr/bin/gcc -E  conftest.c
conftest.c:9:10: fatal error: ac_nonexistent.h: No such file or directory
    9 | #include <ac_nonexistent.h>
      |          ^~~~~~~~~~~~~~~~~~
compilation terminated.
configure:3098: $? = 1
configure: failed program was:
| /* confdefs.h */
| #define PACKAGE_NAME "Haskell time package"
| #define PACKAGE_TARNAME "time"
| #define PACKAGE_VERSION "1.12.2"
| #define PACKAGE_STRING "Haskell time package 1.12.2"
| #define PACKAGE_BUGREPORT "ashley@semantic.org"
| #define PACKAGE_URL ""
| /* end confdefs.h.  */
| #include <ac_nonexistent.h>
configure:3127: checking for grep that handles long lines and -e
configure:3185: result: /usr/bin/grep
configure:3190: checking for egrep
configure:3252: result: /usr/bin/grep -E
configure:3257: checking for ANSI C header files
configure:3277: /usr/bin/gcc -c -fuse-ld=gold  conftest.c >&5
configure:3277: $? = 0
configure:3350: /usr/bin/gcc -o conftest -fuse-ld=gold   conftest.c  >&5
configure:3350: $? = 0
configure:3350: ./conftest
configure:3350: $? = 0
configure:3361: result: yes
configure:3374: checking for sys/types.h
configure:3374: /usr/bin/gcc -c -fuse-ld=gold  conftest.c >&5
configure:3374: $? = 0
configure:3374: result: yes
configure:3374: checking for sys/stat.h
configure:3374: /usr/bin/gcc -c -fuse-ld=gold  conftest.c >&5
configure:3374: $? = 0
configure:3374: result: yes
configure:3374: checking for stdlib.h
configure:3374: /usr/bin/gcc -c -fuse-ld=gold  conftest.c >&5
configure:3374: $? = 0
configure:3374: result: yes
configure:3374: checking for string.h
configure:3374: /usr/bin/gcc -c -fuse-ld=gold  conftest.c >&5
configure:3374: $? = 0
configure:3374: result: yes
configure:3374: checking for memory.h
configure:3374: /usr/bin/gcc -c -fuse-ld=gold  conftest.c >&5
configure:3374: $? = 0
configure:3374: result: yes
configure:3374: checking for strings.h
configure:3374: /usr/bin/gcc -c -fuse-ld=gold  conftest.c >&5
configure:3374: $? = 0
configure:3374: result: yes
configure:3374: checking for inttypes.h
configure:3374: /usr/bin/gcc -c -fuse-ld=gold  conftest.c >&5
configure:3374: $? = 0
configure:3374: result: yes
configure:3374: checking for stdint.h
configure:3374: /usr/bin/gcc -c -fuse-ld=gold  conftest.c >&5
configure:3374: $? = 0
configure:3374: result: yes
configure:3374: checking for unistd.h
configure:3374: /usr/bin/gcc -c -fuse-ld=gold  conftest.c >&5
configure:3374: $? = 0
configure:3374: result: yes
configure:3387: checking minix/config.h usability
configure:3387: /usr/bin/gcc -c -fuse-ld=gold  conftest.c >&5
conftest.c:52:10: fatal error: minix/config.h: No such file or directory
   52 | #include <minix/config.h>
      |          ^~~~~~~~~~~~~~~~
compilation terminated.
configure:3387: $? = 1
configure: failed program was:
| /* confdefs.h */
| #define PACKAGE_NAME "Haskell time package"
| #define PACKAGE_TARNAME "time"
| #define PACKAGE_VERSION "1.12.2"
| #define PACKAGE_STRING "Haskell time package 1.12.2"
| #define PACKAGE_BUGREPORT "ashley@semantic.org"
| #define PACKAGE_URL ""
| #define STDC_HEADERS 1
| #define HAVE_SYS_TYPES_H 1
| #define HAVE_SYS_STAT_H 1
| #define HAVE_STDLIB_H 1
| #define HAVE_STRING_H 1
| #define HAVE_MEMORY_H 1
| #define HAVE_STRINGS_H 1
| #define HAVE_INTTYPES_H 1
| #define HAVE_STDINT_H 1
| #define HAVE_UNISTD_H 1
| /* end confdefs.h.  */
| #include <stdio.h>
| #ifdef HAVE_SYS_TYPES_H
| # include <sys/types.h>
| #endif
| #ifdef HAVE_SYS_STAT_H
| # include <sys/stat.h>
| #endif
| #ifdef STDC_HEADERS
| # include <stdlib.h>
| # include <stddef.h>
| #else
| # ifdef HAVE_STDLIB_H
| #  include <stdlib.h>
| # endif
| #endif
| #ifdef HAVE_STRING_H
| # if !defined STDC_HEADERS && defined HAVE_MEMORY_H
| #  include <memory.h>
| # endif
| # include <string.h>
| #endif
| #ifdef HAVE_STRINGS_H
| # include <strings.h>
| #endif
| #ifdef HAVE_INTTYPES_H
| # include <inttypes.h>
| #endif
| #ifdef HAVE_STDINT_H
| # include <stdint.h>
| #endif
| #ifdef HAVE_UNISTD_H
| # include <unistd.h>
| #endif
| #include <minix/config.h>
configure:3387: result: no
configure:3387: checking minix/config.h presence
configure:3387: /usr/bin/gcc -E  conftest.c
conftest.c:19:10: fatal error: minix/config.h: No such file or directory
   19 | #include <minix/config.h>
      |          ^~~~~~~~~~~~~~~~
compilation terminated.
configure:3387: $? = 1
configure: failed program was:
| /* confdefs.h */
| #define PACKAGE_NAME "Haskell time package"
| #define PACKAGE_TARNAME "time"
| #define PACKAGE_VERSION "1.12.2"
| #define PACKAGE_STRING "Haskell time package 1.12.2"
| #define PACKAGE_BUGREPORT "ashley@semantic.org"
| #define PACKAGE_URL ""
| #define STDC_HEADERS 1
| #define HAVE_SYS_TYPES_H 1
| #define HAVE_SYS_STAT_H 1
| #define HAVE_STDLIB_H 1
| #define HAVE_STRING_H 1
| #define HAVE_MEMORY_H 1
| #define HAVE_STRINGS_H 1
| #define HAVE_INTTYPES_H 1
| #define HAVE_STDINT_H 1
| #define HAVE_UNISTD_H 1
| /* end confdefs.h.  */
| #include <minix/config.h>
configure:3387: result: no
configure:3387: checking for minix/config.h
configure:3387: result: no
configure:3408: checking whether it is safe to define __EXTENSIONS__
configure:3426: /usr/bin/gcc -c -fuse-ld=gold  conftest.c >&5
configure:3426: $? = 0
configure:3433: result: yes
configure:3453: checking time.h usability
configure:3453: /usr/bin/gcc -c -fuse-ld=gold  conftest.c >&5
configure:3453: $? = 0
configure:3453: result: yes
configure:3453: checking time.h presence
configure:3453: /usr/bin/gcc -E  conftest.c
configure:3453: $? = 0
configure:3453: result: yes
configure:3453: checking for time.h
configure:3453: result: yes
configure:3466: checking for gmtime_r
configure:3466: /usr/bin/gcc -o conftest -fuse-ld=gold   conftest.c  >&5
configure:3466: $? = 0
configure:3466: result: yes
configure:3466: checking for localtime_r
configure:3466: /usr/bin/gcc -o conftest -fuse-ld=gold   conftest.c  >&5
configure:3466: $? = 0
configure:3466: result: yes
configure:3478: checking for clock_gettime
configure:3478: /usr/bin/gcc -o conftest -fuse-ld=gold   conftest.c  >&5
configure:3478: $? = 0
configure:3478: result: yes
configure:3488: checking whether struct tm is in sys/time.h or time.h
configure:3508: /usr/bin/gcc -c -fuse-ld=gold  conftest.c >&5
configure:3508: $? = 0
configure:3515: result: time.h
configure:3523: checking for struct tm.tm_zone
configure:3523: /usr/bin/gcc -c -fuse-ld=gold  conftest.c >&5
configure:3523: $? = 0
configure:3523: result: yes
configure:3597: checking for sys/time.h
configure:3597: /usr/bin/gcc -c -fuse-ld=gold  conftest.c >&5
configure:3597: $? = 0
configure:3597: result: yes
configure:3615: checking for sys/time.h
configure:3615: result: yes
configure:3625: checking whether altzone is declared
configure:3625: /usr/bin/gcc -c -fuse-ld=gold  conftest.c >&5
conftest.c: In function 'main':
conftest.c:46:10: error: 'altzone' undeclared (first use in this function)
   46 |   (void) altzone;
      |          ^~~~~~~
conftest.c:46:10: note: each undeclared identifier is reported only once for each function it appears in
configure:3625: $? = 1
configure: failed program was:
| /* confdefs.h */
| #define PACKAGE_NAME "Haskell time package"
| #define PACKAGE_TARNAME "time"
| #define PACKAGE_VERSION "1.12.2"
| #define PACKAGE_STRING "Haskell time package 1.12.2"
| #define PACKAGE_BUGREPORT "ashley@semantic.org"
| #define PACKAGE_URL ""
| #define STDC_HEADERS 1
| #define HAVE_SYS_TYPES_H 1
| #define HAVE_SYS_STAT_H 1
| #define HAVE_STDLIB_H 1
| #define HAVE_STRING_H 1
| #define HAVE_MEMORY_H 1
| #define HAVE_STRINGS_H 1
| #define HAVE_INTTYPES_H 1
| #define HAVE_STDINT_H 1
| #define HAVE_UNISTD_H 1
| #define __EXTENSIONS__ 1
| #define _ALL_SOURCE 1
| #define _GNU_SOURCE 1
| #define _POSIX_PTHREAD_SEMANTICS 1
| #define _TANDEM_SOURCE 1
| #define HAVE_TIME_H 1
| #define HAVE_GMTIME_R 1
| #define HAVE_LOCALTIME_R 1
| #define HAVE_CLOCK_GETTIME 1
| #define HAVE_STRUCT_TM_TM_ZONE 1
| #define HAVE_TM_ZONE 1
| #define HAVE_SYS_TIME_H 1
| #define HAVE_SYS_TIME_H 1
| /* end confdefs.h.  */
| 
|   #if HAVE_SYS_TIME_H
|   #include <sys/time.h>
|   #endif
|   #include <time.h>
| 
| 
| int
| main ()
| {
| #ifndef altzone
| #ifdef __cplusplus
|   (void) altzone;
| #else
|   (void) altzone;
| #endif
| #endif
| 
|   ;
|   return 0;
| }
configure:3625: result: no
configure:3750: creating ./config.status

## ---------------------- ##
## Running config.status. ##
## ---------------------- ##

This file was extended by Haskell time package config.status 1.12.2, which was
generated by GNU Autoconf 2.69.  Invocation command line was

  CONFIG_FILES    = 
  CONFIG_HEADERS  = 
  CONFIG_LINKS    = 
  CONFIG_COMMANDS = 
  $ ./config.status 

on mark-HP-250-G5-Notebook-PC

config.status:684: creating lib/include/HsTimeConfig.h

## ---------------- ##
## Cache variables. ##
## ---------------- ##

ac_cv_c_compiler_gnu=yes
ac_cv_env_CC_set=set
ac_cv_env_CC_value=/usr/bin/gcc
ac_cv_env_CFLAGS_set=set
ac_cv_env_CFLAGS_value=-fuse-ld=gold
ac_cv_env_CPPFLAGS_set=
ac_cv_env_CPPFLAGS_value=
ac_cv_env_CPP_set=
ac_cv_env_CPP_value=
ac_cv_env_LDFLAGS_set=
ac_cv_env_LDFLAGS_value=
ac_cv_env_LIBS_set=
ac_cv_env_LIBS_value=
ac_cv_env_build_alias_set=
ac_cv_env_build_alias_value=
ac_cv_env_host_alias_set=
ac_cv_env_host_alias_value=
ac_cv_env_target_alias_set=
ac_cv_env_target_alias_value=
ac_cv_func_clock_gettime=yes
ac_cv_func_gmtime_r=yes
ac_cv_func_localtime_r=yes
ac_cv_have_decl_altzone=no
ac_cv_header_inttypes_h=yes
ac_cv_header_memory_h=yes
ac_cv_header_minix_config_h=no
ac_cv_header_stdc=yes
ac_cv_header_stdint_h=yes
ac_cv_header_stdlib_h=yes
ac_cv_header_string_h=yes
ac_cv_header_strings_h=yes
ac_cv_header_sys_stat_h=yes
ac_cv_header_sys_time_h=yes
ac_cv_header_sys_types_h=yes
ac_cv_header_time_h=yes
ac_cv_header_unistd_h=yes
ac_cv_member_struct_tm_tm_zone=yes
ac_cv_objext=o
ac_cv_path_EGREP='/usr/bin/grep -E'
ac_cv_path_GREP=/usr/bin/grep
ac_cv_prog_CPP='/usr/bin/gcc -E'
ac_cv_prog_ac_ct_CC=/usr/bin/gcc
ac_cv_prog_cc_c89=
ac_cv_prog_cc_g=yes
ac_cv_safe_to_define___extensions__=yes
ac_cv_struct_tm=time.h

## ----------------- ##
## Output variables. ##
## ----------------- ##

CC='/usr/bin/gcc'
CFLAGS='-fuse-ld=gold'
CPP='/usr/bin/gcc -E'
CPPFLAGS=''
DEFS='-DHAVE_CONFIG_H'
ECHO_C=''
ECHO_N='-n'
ECHO_T=''
EGREP='/usr/bin/grep -E'
EXEEXT=''
GREP='/usr/bin/grep'
LDFLAGS=''
LIBOBJS=''
LIBS=''
LTLIBOBJS=''
OBJEXT='o'
PACKAGE_BUGREPORT='ashley@semantic.org'
PACKAGE_NAME='Haskell time package'
PACKAGE_STRING='Haskell time package 1.12.2'
PACKAGE_TARNAME='time'
PACKAGE_URL=''
PACKAGE_VERSION='1.12.2'
PATH_SEPARATOR=':'
SHELL='/bin/bash'
ac_ct_CC='/usr/bin/gcc'
bindir='/home/mark/IdeaProjects/Functional-Programming-2022-main/Lab2/.stack-work/install/x86_64-linux-tinfo6-libc6-pre232/51e215cc757d791a6c27c55b9c502776327e202f8f18a8cd7ce33390802cbb40/9.2.8/bin'
build_alias=''
datadir='/home/mark/IdeaProjects/Functional-Programming-2022-main/Lab2/.stack-work/install/x86_64-linux-tinfo6-libc6-pre232/51e215cc757d791a6c27c55b9c502776327e202f8f18a8cd7ce33390802cbb40/9.2.8/share'
datarootdir='${prefix}/share'
docdir='${datarootdir}/doc/${PACKAGE_TARNAME}'
dvidir='${docdir}'
exec_prefix='${prefix}'
host_alias=''
htmldir='${docdir}'
includedir='${prefix}/include'
infodir='${datarootdir}/info'
libdir='/home/mark/IdeaProjects/Functional-Programming-2022-main/Lab2/.stack-work/install/x86_64-linux-tinfo6-libc6-pre232/51e215cc757d791a6c27c55b9c502776327e202f8f18a8cd7ce33390802cbb40/9.2.8/lib'
libexecdir='/home/mark/IdeaProjects/Functional-Programming-2022-main/Lab2/.stack-work/install/x86_64-linux-tinfo6-libc6-pre232/51e215cc757d791a6c27c55b9c502776327e202f8f18a8cd7ce33390802cbb40/9.2.8/libexec'
localedir='${datarootdir}/locale'
localstatedir='${prefix}/var'
mandir='${datarootdir}/man'
oldincludedir='/usr/include'
pdfdir='${docdir}'
prefix='/usr/local'
program_transform_name='s,x,x,'
psdir='${docdir}'
runstatedir='${localstatedir}/run'
sbindir='${exec_prefix}/sbin'
sharedstatedir='${prefix}/com'
sysconfdir='/home/mark/IdeaProjects/Functional-Programming-2022-main/Lab2/.stack-work/install/x86_64-linux-tinfo6-libc6-pre232/51e215cc757d791a6c27c55b9c502776327e202f8f18a8cd7ce33390802cbb40/9.2.8/etc'
target_alias=''

## ----------- ##
## confdefs.h. ##
## ----------- ##

/* confdefs.h */
#define PACKAGE_NAME "Haskell time package"
#define PACKAGE_TARNAME "time"
#define PACKAGE_VERSION "1.12.2"
#define PACKAGE_STRING "Haskell time package 1.12.2"
#define PACKAGE_BUGREPORT "ashley@semantic.org"
#define PACKAGE_URL ""
#define STDC_HEADERS 1
#define HAVE_SYS_TYPES_H 1
#define HAVE_SYS_STAT_H 1
#define HAVE_STDLIB_H 1
#define HAVE_STRING_H 1
#define HAVE_MEMORY_H 1
#define HAVE_STRINGS_H 1
#define HAVE_INTTYPES_H 1
#define HAVE_STDINT_H 1
#define HAVE_UNISTD_H 1
#define __EXTENSIONS__ 1
#define _ALL_SOURCE 1
#define _GNU_SOURCE 1
#define _POSIX_PTHREAD_SEMANTICS 1
#define _TANDEM_SOURCE 1
#define HAVE_TIME_H 1
#define HAVE_GMTIME_R 1
#define HAVE_LOCALTIME_R 1
#define HAVE_CLOCK_GETTIME 1
#define HAVE_STRUCT_TM_TM_ZONE 1
#define HAVE_TM_ZONE 1
#define HAVE_SYS_TIME_H 1
#define HAVE_SYS_TIME_H 1
#define HAVE_DECL_ALTZONE 0

configure: exit 0
